<?xml version="1.0" encoding="UTF-8"?>
<!-- Generated by org.testng.reporters.JUnitReportReporter -->
<testsuite skipped="0" hostname="Shree" name="Demo.TestNGPriorityDemo" tests="1" failures="0" timestamp="2019-04-23T21:47:11 IST" time="0.012" errors="0">
  <testcase name="three" time="0.012" classname="Demo.TestNGPriorityDemo"/>
</testsuite> <!-- Demo.TestNGPriorityDemo -->
