<?xml version="1.0" encoding="UTF-8"?>
<!-- Generated by org.testng.reporters.JUnitReportReporter -->
<testsuite skipped="0" hostname="Shree" name="Demo.TestNGGroupsDemo" tests="4" failures="0" timestamp="2019-04-25T21:59:17 IST" time="0.018" errors="0">
  <testcase name="test1" time="0.011" classname="Demo.TestNGGroupsDemo"/>
  <testcase name="test2" time="0.002" classname="Demo.TestNGGroupsDemo"/>
  <testcase name="test4" time="0.002" classname="Demo.TestNGGroupsDemo"/>
  <testcase name="test3" time="0.003" classname="Demo.TestNGGroupsDemo"/>
</testsuite> <!-- Demo.TestNGGroupsDemo -->
