<?xml version="1.0" encoding="UTF-8"?>
<!-- Generated by org.testng.reporters.JUnitReportReporter -->
<testsuite skipped="0" hostname="Shree" name="Demo.TesNGDependencyDemo" tests="3" failures="0" timestamp="2019-04-26T21:28:07 IST" time="0.015" errors="0">
  <testcase name="test2" time="0.011" classname="Demo.TesNGDependencyDemo"/>
  <testcase name="test1" time="0.002" classname="Demo.TesNGDependencyDemo"/>
  <testcase name="test3" time="0.002" classname="Demo.TesNGDependencyDemo"/>
</testsuite> <!-- Demo.TesNGDependencyDemo -->
