<?xml version="1.0" encoding="UTF-8"?>
<!-- Generated by org.testng.reporters.JUnitReportReporter -->
<testsuite skipped="0" hostname="Shree" name="test.testNG_Demo2" tests="1" failures="0" timestamp="2019-03-28T22:37:48 IST" time="2.503" errors="0">
  <testcase name="GoogleSearch2" time="2.503" classname="test.testNG_Demo2"/>
</testsuite> <!-- test.testNG_Demo2 -->
