<?xml version="1.0" encoding="UTF-8"?>
<!-- Generated by org.testng.reporters.JUnitReportReporter -->
<testsuite hostname="Shree" name="Demo.TestNGIgnoreTestDemo" tests="2" failures="0" timestamp="1 May 2019 09:24:36 GMT" time="0.019" errors="0">
  <testcase name="Test1" time="0.018" classname="Demo.TestNGIgnoreTestDemo"/>
  <testcase name="Test2" time="0.001" classname="Demo.TestNGIgnoreTestDemo"/>
</testsuite> <!-- Demo.TestNGIgnoreTestDemo -->
