<?xml version="1.0" encoding="UTF-8"?>
<!-- Generated by org.testng.reporters.JUnitReportReporter -->
<testsuite hostname="Shree" name="Demo.TestNGParametersDemo" tests="1" failures="0" timestamp="6 May 2019 17:08:13 GMT" time="0.021" errors="0">
  <testcase name="test" time="0.021" classname="Demo.TestNGParametersDemo"/>
</testsuite> <!-- Demo.TestNGParametersDemo -->
