<?xml version="1.0" encoding="UTF-8"?>
<!-- Generated by org.testng.reporters.JUnitReportReporter -->
<testsuite hostname="Shree" name="test.extentReportDemoWithTestNG" tests="1" failures="0" timestamp="7 May 2019 15:12:39 GMT" time="2.268" errors="0">
  <testcase name="test" time="2.268" classname="test.extentReportDemoWithTestNG"/>
</testsuite> <!-- test.extentReportDemoWithTestNG -->
